2021-03-04 14:09:06,200 - 6456-MainThread - D:/CodeUpdateTask/gitlab_v3_text.py[line:120] - INFO:  git_pull.sh 脚本执行成功: 0 output_st: start ......................
TAXAuto path: /d/CodeUpdateTask
Your branch is up to date with 'origin/dev'.
Already on 'dev'
Host key verification failed.
fatal: Could not read from remote repository.

Please make sure you have the correct access rights
and the repository exists.
commit 2f3011c3d2d1e746e8b5578c20da6e6ed85c7971
Author: 段伟业 <1360082963@qq.com>
Date:   Fri Feb 26 17:37:34 2021 +0800

    log 文件夹保留
2021-03-04 14:09:06,200 - 6456-MainThread - D:/CodeUpdateTask/gitlab_v3_text.py[line:73] - INFO: commit 数据保存成功
2021-03-04 14:10:53,801 - 17220-MainThread - D:/CodeUpdateTask/gitlab_v3_text.py[line:120] - INFO:  git_pull.sh 脚本执行成功: 0 output_st: start ......................
TAXAuto path: /d/CodeUpdateTask
Your branch is up to date with 'origin/dev'.
Already on 'dev'
Host key verification failed.
fatal: Could not read from remote repository.

Please make sure you have the correct access rights
and the repository exists.
commit 2f3011c3d2d1e746e8b5578c20da6e6ed85c7971
Author: 段伟业 <1360082963@qq.com>
Date:   Fri Feb 26 17:37:34 2021 +0800

    log 文件夹保留
2021-03-04 14:10:53,813 - 17220-MainThread - D:/CodeUpdateTask/gitlab_v3_text.py[line:73] - INFO: commit 数据保存成功
